
clean.py log
----------
[0, 10, 20, 30, 40, 50, 60, 70, 80, 90, 100, 110, 120, 130, 140, 150, 160, 170, 180, 190, 200, 210, 220, 230, 240, 250, 260, 270, 280, 290, 300, 310, 320, 330, 340, 350, 360]
angle: 0
subseq: [34240, 29935, 29875, 29709, 29883, 30170, 29841, 26844, 778, 787, 3794, 29618, 29640]
closest: {'subseq': [29935, 29875, 29709, 29883, 30170], 'index': 1}
angle: 1
subseq: [29841, 26844, 778, 787, 3794, 29618, 29640, 29677, 29833, 30139, 30161, 21001, 776]
closest: {'subseq': [29618, 29640, 29677, 29833, 30139], 'index': 5}
angle: 2
subseq: [30161, 21001, 776, 787, 774, 18225, 29772, 29812, 29960, 29804, 29747, 30027, 30021]
closest: {'subseq': [29772, 29812, 29960, 29804, 29747], 'index': 6}
angle: 3
subseq: [30027, 30021, 29832, 29777, 29815, 18226, 800, 754, 752, 29783, 29780, 29689, 30053]
closest: {'subseq': [30027, 30021, 29832, 29777, 29815], 'index': 0}
angle: 4
subseq: [18226, 800, 754, 752, 29783, 29780, 29689, 30053, 30019, 29630, 29748, 18150, 765]
closest: {'subseq': [29783, 29780, 29689, 30053, 30019], 'index': 4}
angle: 5
subseq: [29630, 29748, 18150, 765, 787, 18023, 29962, 29716, 29689, 29694, 29722, 29921, 29679]
closest: {'subseq': [29716, 29689, 29694, 29722, 29921], 'index': 7}
angle: 6
subseq: [29679, 12465, 777, 783, 800, 768, 26805, 30000, 29866, 29862, 29602, 29905, 30008]
closest: {'subseq': [30000, 29866, 29862, 29602, 29905], 'index': 7}
angle: 7
subseq: [30008, 29989, 18292, 753, 822, 15223, 29641, 29800, 29675, 29922, 29788, 29942, 29651]
closest: {'subseq': [29800, 29675, 29922, 29788, 29942], 'index': 7}
angle: 8
subseq: [29651, 15096, 779, 793, 15391, 29587, 29682, 29853, 30038, 29971, 29749, 30154, 20846]
closest: {'subseq': [29682, 29853, 30038, 29971, 29749], 'index': 6}
angle: 9
subseq: [30154, 20846, 770, 9560, 29665, 30016, 29382, 29471, 30164, 29959, 29763, 18223, 755]
closest: {'subseq': [29665, 30016, 29382, 29471, 30164], 'index': 4}
angle: 10
subseq: [29959, 29763, 18223, 755, 3642, 29885, 29724, 29671, 29851, 29946, 29963, 29811, 12245]
closest: {'subseq': [29885, 29724, 29671, 29851, 29946], 'index': 5}
angle: 11
subseq: [29963, 29811, 12245, 764, 12460, 29780, 29839, 29815, 29836, 29754, 30009, 18073, 780]
closest: {'subseq': [29780, 29839, 29815, 29836, 29754], 'index': 5}
angle: 12
subseq: [30009, 18073, 780, 15273, 29879, 30030, 29946, 29814, 29821, 29706, 29310, 29598, 29857]
closest: {'subseq': [29879, 30030, 29946, 29814, 29821], 'index': 4}
angle: 13
subseq: [29706, 29310, 29598, 29857, 18407, 791, 6662, 29598, 29569, 30152, 30079, 30096, 30058]
closest: {'subseq': [29598, 29569, 30152, 30079, 30096], 'index': 7}
angle: 14
subseq: [30058, 30062, 24345, 730, 9654, 29867, 29850, 29890, 29971, 30029, 29568, 15131, 775]
closest: {'subseq': [29867, 29850, 29890, 29971, 30029], 'index': 5}
angle: 15
subseq: [29568, 15131, 775, 15191, 29720, 29824, 29867, 30026, 29732, 29864, 29939, 9585, 767]
closest: {'subseq': [29824, 29867, 30026, 29732, 29864], 'index': 5}
angle: 16
subseq: [29939, 9585, 767, 18439, 29623, 29915, 29972, 29654, 29851, 29664, 29537, 6508, 807]
closest: {'subseq': [29915, 29972, 29654, 29851, 29664], 'index': 5}
angle: 17
subseq: [29537, 6508, 807, 761, 781, 12404, 30035, 29911, 29877, 30029, 29632, 29893, 24188]
closest: {'subseq': [29911, 29877, 30029, 29632, 29893], 'index': 7}
angle: 18
subseq: [24188, 836, 18290, 30043, 29753, 29291, 29910, 29768, 29779, 21083, 770, 9570, 30079]
closest: {'subseq': [29753, 29291, 29910, 29768, 29779], 'index': 4}
angle: 19
subseq: [21083, 770, 9570, 30079, 29678, 30007, 29891, 29848, 29906, 29714, 6584, 764, 21201]
closest: {'subseq': [30007, 29891, 29848, 29906, 29714], 'index': 5}
angle: 20
subseq: [6584, 764, 21201, 30100, 29821, 29661, 29941, 29884, 30014, 21296, 771, 788, 755]
closest: {'subseq': [29821, 29661, 29941, 29884, 30014], 'index': 4}
angle: 21
subseq: [21296, 771, 788, 755, 12281, 29613, 30007, 29832, 30091, 29982, 29846, 29791, 18221]
closest: {'subseq': [30007, 29832, 30091, 29982, 29846], 'index': 6}
angle: 22
subseq: [29791, 18221, 741, 15125, 29708, 29819, 30025, 30140, 29726, 29667, 21191, 751, 758]
closest: {'subseq': [29708, 29819, 30025, 30140, 29726], 'index': 4}
angle: 23
subseq: [29667, 21191, 751, 758, 21076, 29669, 29689, 30052, 29602, 29642, 30146, 29904, 29865]
closest: {'subseq': [29669, 29689, 30052, 29602, 29642], 'index': 5}
angle: 24
subseq: [30146, 29904, 29865, 27194, 766, 6639, 29784, 29993, 30025, 29662, 30087, 29894, 29853]
closest: {'subseq': [29784, 29993, 30025, 29662, 30087], 'index': 6}
angle: 25
subseq: [29894, 29853, 29820, 21035, 735, 12400, 29712, 29840, 29782, 29935, 29639, 29995, 29878]
closest: {'subseq': [29712, 29840, 29782, 29935, 29639], 'index': 6}
angle: 26
subseq: [29995, 29878, 29776, 9510, 762, 23935, 29933, 29885, 29712, 30032, 29894, 29979, 26742]
closest: {'subseq': [29933, 29885, 29712, 30032, 29894], 'index': 6}
angle: 27
subseq: [29979, 26742, 761, 3604, 29798, 29581, 30000, 29841, 29920, 29738, 23888, 756, 15185]
closest: {'subseq': [29798, 29581, 30000, 29841, 29920], 'index': 4}
angle: 28
subseq: [29738, 23888, 756, 15185, 29843, 29864, 30119, 29826, 29645, 29779, 29784, 3706, 6612]
closest: {'subseq': [29843, 29864, 30119, 29826, 29645], 'index': 4}
angle: 29
subseq: [29779, 29784, 3706, 6612, 29594, 30022, 30102, 29607, 29916, 29898, 29849, 3591, 731]
closest: {'subseq': [30022, 30102, 29607, 29916, 29898], 'index': 5}
angle: 30
subseq: [29849, 3591, 731, 26684, 29909, 30075, 29622, 29789, 29568, 29604, 21070, 731, 3690]
closest: {'subseq': [29909, 30075, 29622, 29789, 29568], 'index': 4}
angle: 31
subseq: [29604, 21070, 731, 3690, 29555, 29626, 29877, 29541, 29722, 29894, 20911, 774, 12221]
closest: {'subseq': [29555, 29626, 29877, 29541, 29722], 'index': 4}
angle: 32
subseq: [29894, 20911, 774, 12221, 29777, 29957, 29664, 30048, 29852, 30027, 18105, 756, 18314]
closest: {'subseq': [29777, 29957, 29664, 30048, 29852], 'index': 4}
angle: 33
subseq: [30027, 18105, 756, 18314, 29668, 29804, 29611, 29955, 30050, 29753, 29722, 15314, 822]
closest: {'subseq': [29668, 29804, 29611, 29955, 30050], 'index': 4}
angle: 34
subseq: [29753, 29722, 15314, 822, 18302, 29689, 30058, 29614, 29772, 29855, 29454, 26760, 771]
closest: {'subseq': [29689, 30058, 29614, 29772, 29855], 'index': 5}
angle: 35
subseq: [29454, 26760, 771, 9384, 29853, 29918, 29935, 29832, 29698, 29709, 29612, 3678, 829]
closest: {'subseq': [29853, 29918, 29935, 29832, 29698], 'index': 4}
angle: 36
subseq: [29709, 29612, 3678, 829, 21052, 29891, 30036, 29797, 29875, 29734, 29807, 21179, 730]
closest: {'subseq': [29891, 30036, 29797, 29875, 29734], 'index': 5}

clean.py log
----------
[0, 10, 20, 30, 40, 50, 60, 70, 80, 90, 100, 110, 120, 130, 140, 150, 160, 170, 180, 190, 200, 210, 220, 230, 240, 250, 260, 270, 280, 290, 300, 310, 320, 330, 340, 350, 360]
angle: 0
subseq: [34240, 29935, 29875, 29709, 29883, 30170, 29841, 26844, 778, 787, 3794, 29618, 29640]
closest: {'index': 1, 'subseq': [29935, 29875, 29709, 29883, 30170]}
angle: 1
subseq: [29841, 26844, 778, 787, 3794, 29618, 29640, 29677, 29833, 30139, 30161, 21001, 776]
closest: {'index': 5, 'subseq': [29618, 29640, 29677, 29833, 30139]}
angle: 2
subseq: [30161, 21001, 776, 787, 774, 18225, 29772, 29812, 29960, 29804, 29747, 30027, 30021]
closest: {'index': 6, 'subseq': [29772, 29812, 29960, 29804, 29747]}
angle: 3
subseq: [30027, 30021, 29832, 29777, 29815, 18226, 800, 754, 752, 29783, 29780, 29689, 30053]
closest: {'index': 0, 'subseq': [30027, 30021, 29832, 29777, 29815]}
angle: 4
subseq: [18226, 800, 754, 752, 29783, 29780, 29689, 30053, 30019, 29630, 29748, 18150, 765]
closest: {'index': 4, 'subseq': [29783, 29780, 29689, 30053, 30019]}
angle: 5
subseq: [29630, 29748, 18150, 765, 787, 18023, 29962, 29716, 29689, 29694, 29722, 29921, 29679]
closest: {'index': 7, 'subseq': [29716, 29689, 29694, 29722, 29921]}
angle: 6
subseq: [29679, 12465, 777, 783, 800, 768, 26805, 30000, 29866, 29862, 29602, 29905, 30008]
closest: {'index': 7, 'subseq': [30000, 29866, 29862, 29602, 29905]}
angle: 7
subseq: [30008, 29989, 18292, 753, 822, 15223, 29641, 29800, 29675, 29922, 29788, 29942, 29651]
closest: {'index': 7, 'subseq': [29800, 29675, 29922, 29788, 29942]}
angle: 8
subseq: [29651, 15096, 779, 793, 15391, 29587, 29682, 29853, 30038, 29971, 29749, 30154, 20846]
closest: {'index': 6, 'subseq': [29682, 29853, 30038, 29971, 29749]}
angle: 9
subseq: [30154, 20846, 770, 9560, 29665, 30016, 29382, 29471, 30164, 29959, 29763, 18223, 755]
closest: {'index': 4, 'subseq': [29665, 30016, 29382, 29471, 30164]}
angle: 10
subseq: [29959, 29763, 18223, 755, 3642, 29885, 29724, 29671, 29851, 29946, 29963, 29811, 12245]
closest: {'index': 5, 'subseq': [29885, 29724, 29671, 29851, 29946]}
angle: 11
subseq: [29963, 29811, 12245, 764, 12460, 29780, 29839, 29815, 29836, 29754, 30009, 18073, 780]
closest: {'index': 5, 'subseq': [29780, 29839, 29815, 29836, 29754]}
angle: 12
subseq: [30009, 18073, 780, 15273, 29879, 30030, 29946, 29814, 29821, 29706, 29310, 29598, 29857]
closest: {'index': 4, 'subseq': [29879, 30030, 29946, 29814, 29821]}
angle: 13
subseq: [29706, 29310, 29598, 29857, 18407, 791, 6662, 29598, 29569, 30152, 30079, 30096, 30058]
closest: {'index': 7, 'subseq': [29598, 29569, 30152, 30079, 30096]}
angle: 14
subseq: [30058, 30062, 24345, 730, 9654, 29867, 29850, 29890, 29971, 30029, 29568, 15131, 775]
closest: {'index': 5, 'subseq': [29867, 29850, 29890, 29971, 30029]}
angle: 15
subseq: [29568, 15131, 775, 15191, 29720, 29824, 29867, 30026, 29732, 29864, 29939, 9585, 767]
closest: {'index': 5, 'subseq': [29824, 29867, 30026, 29732, 29864]}
angle: 16
subseq: [29939, 9585, 767, 18439, 29623, 29915, 29972, 29654, 29851, 29664, 29537, 6508, 807]
closest: {'index': 5, 'subseq': [29915, 29972, 29654, 29851, 29664]}
angle: 17
subseq: [29537, 6508, 807, 761, 781, 12404, 30035, 29911, 29877, 30029, 29632, 29893, 24188]
closest: {'index': 7, 'subseq': [29911, 29877, 30029, 29632, 29893]}
angle: 18
subseq: [24188, 836, 18290, 30043, 29753, 29291, 29910, 29768, 29779, 21083, 770, 9570, 30079]
closest: {'index': 4, 'subseq': [29753, 29291, 29910, 29768, 29779]}
angle: 19
subseq: [21083, 770, 9570, 30079, 29678, 30007, 29891, 29848, 29906, 29714, 6584, 764, 21201]
closest: {'index': 5, 'subseq': [30007, 29891, 29848, 29906, 29714]}
angle: 20
subseq: [6584, 764, 21201, 30100, 29821, 29661, 29941, 29884, 30014, 21296, 771, 788, 755]
closest: {'index': 4, 'subseq': [29821, 29661, 29941, 29884, 30014]}
angle: 21
subseq: [21296, 771, 788, 755, 12281, 29613, 30007, 29832, 30091, 29982, 29846, 29791, 18221]
closest: {'index': 6, 'subseq': [30007, 29832, 30091, 29982, 29846]}
angle: 22
subseq: [29791, 18221, 741, 15125, 29708, 29819, 30025, 30140, 29726, 29667, 21191, 751, 758]
closest: {'index': 4, 'subseq': [29708, 29819, 30025, 30140, 29726]}
angle: 23
subseq: [29667, 21191, 751, 758, 21076, 29669, 29689, 30052, 29602, 29642, 30146, 29904, 29865]
closest: {'index': 5, 'subseq': [29669, 29689, 30052, 29602, 29642]}
angle: 24
subseq: [30146, 29904, 29865, 27194, 766, 6639, 29784, 29993, 30025, 29662, 30087, 29894, 29853]
closest: {'index': 6, 'subseq': [29784, 29993, 30025, 29662, 30087]}
angle: 25
subseq: [29894, 29853, 29820, 21035, 735, 12400, 29712, 29840, 29782, 29935, 29639, 29995, 29878]
closest: {'index': 6, 'subseq': [29712, 29840, 29782, 29935, 29639]}
angle: 26
subseq: [29995, 29878, 29776, 9510, 762, 23935, 29933, 29885, 29712, 30032, 29894, 29979, 26742]
closest: {'index': 6, 'subseq': [29933, 29885, 29712, 30032, 29894]}
angle: 27
subseq: [29979, 26742, 761, 3604, 29798, 29581, 30000, 29841, 29920, 29738, 23888, 756, 15185]
closest: {'index': 4, 'subseq': [29798, 29581, 30000, 29841, 29920]}
angle: 28
subseq: [29738, 23888, 756, 15185, 29843, 29864, 30119, 29826, 29645, 29779, 29784, 3706, 6612]
closest: {'index': 4, 'subseq': [29843, 29864, 30119, 29826, 29645]}
angle: 29
subseq: [29779, 29784, 3706, 6612, 29594, 30022, 30102, 29607, 29916, 29898, 29849, 3591, 731]
closest: {'index': 5, 'subseq': [30022, 30102, 29607, 29916, 29898]}
angle: 30
subseq: [29849, 3591, 731, 26684, 29909, 30075, 29622, 29789, 29568, 29604, 21070, 731, 3690]
closest: {'index': 4, 'subseq': [29909, 30075, 29622, 29789, 29568]}
angle: 31
subseq: [29604, 21070, 731, 3690, 29555, 29626, 29877, 29541, 29722, 29894, 20911, 774, 12221]
closest: {'index': 4, 'subseq': [29555, 29626, 29877, 29541, 29722]}
angle: 32
subseq: [29894, 20911, 774, 12221, 29777, 29957, 29664, 30048, 29852, 30027, 18105, 756, 18314]
closest: {'index': 4, 'subseq': [29777, 29957, 29664, 30048, 29852]}
angle: 33
subseq: [30027, 18105, 756, 18314, 29668, 29804, 29611, 29955, 30050, 29753, 29722, 15314, 822]
closest: {'index': 4, 'subseq': [29668, 29804, 29611, 29955, 30050]}
angle: 34
subseq: [29753, 29722, 15314, 822, 18302, 29689, 30058, 29614, 29772, 29855, 29454, 26760, 771]
closest: {'index': 5, 'subseq': [29689, 30058, 29614, 29772, 29855]}
angle: 35
subseq: [29454, 26760, 771, 9384, 29853, 29918, 29935, 29832, 29698, 29709, 29612, 3678, 829]
closest: {'index': 4, 'subseq': [29853, 29918, 29935, 29832, 29698]}
angle: 36
subseq: [29709, 29612, 3678, 829, 21052, 29891, 30036, 29797, 29875, 29734, 29807, 21179, 730]
closest: {'index': 5, 'subseq': [29891, 30036, 29797, 29875, 29734]}
